0 info it worked if it ends with ok
1 verbose cli [ '/usr/local/bin/node', '/usr/local/bin/npm', 'run', 'test' ]
2 info using npm@4.1.2
3 info using node@v7.7.1
4 verbose run-script [ 'pretest', 'test', 'posttest' ]
5 info lifecycle twitter-js@1.0.0~pretest: twitter-js@1.0.0
6 silly lifecycle twitter-js@1.0.0~pretest: no script for pretest, continuing
7 info lifecycle twitter-js@1.0.0~test: twitter-js@1.0.0
8 verbose lifecycle twitter-js@1.0.0~test: unsafe-perm in lifecycle true
9 verbose lifecycle twitter-js@1.0.0~test: PATH: /usr/local/lib/node_modules/npm/bin/node-gyp-bin:/Users/Daniel/Documents/Portfolio/twitter-clone/node_modules/.bin:/Library/Frameworks/Python.framework/Versions/2.7/bin:/Library/Frameworks/Python.framework/Versions/3.6/bin:/usr/local/bin:/usr/bin:/bin:/usr/sbin:/sbin:/Library/Frameworks/Mono.framework/Versions/Current/Commands:/Applications/Postgres.app/Contents/Versions/latest/bin
10 verbose lifecycle twitter-js@1.0.0~test: CWD: /Users/Daniel/Documents/Portfolio/twitter-clone
11 silly lifecycle twitter-js@1.0.0~test: Args: [ '-c', 'mocha --watch test/**.js' ]
12 silly lifecycle twitter-js@1.0.0~test: Returned: code: 1  signal: null
13 info lifecycle twitter-js@1.0.0~test: Failed to exec test script
14 verbose stack Error: twitter-js@1.0.0 test: `mocha --watch test/**.js`
14 verbose stack Exit status 1
14 verbose stack     at EventEmitter.<anonymous> (/usr/local/lib/node_modules/npm/lib/utils/lifecycle.js:279:16)
14 verbose stack     at emitTwo (events.js:106:13)
14 verbose stack     at EventEmitter.emit (events.js:194:7)
14 verbose stack     at ChildProcess.<anonymous> (/usr/local/lib/node_modules/npm/lib/utils/spawn.js:40:14)
14 verbose stack     at emitTwo (events.js:106:13)
14 verbose stack     at ChildProcess.emit (events.js:194:7)
14 verbose stack     at maybeClose (internal/child_process.js:899:16)
14 verbose stack     at Process.ChildProcess._handle.onexit (internal/child_process.js:226:5)
15 verbose pkgid twitter-js@1.0.0
16 verbose cwd /Users/Daniel/Documents/Portfolio/twitter-clone
17 error Darwin 16.5.0
18 error argv "/usr/local/bin/node" "/usr/local/bin/npm" "run" "test"
19 error node v7.7.1
20 error npm  v4.1.2
21 error code ELIFECYCLE
22 error twitter-js@1.0.0 test: `mocha --watch test/**.js`
22 error Exit status 1
23 error Failed at the twitter-js@1.0.0 test script 'mocha --watch test/**.js'.
23 error Make sure you have the latest version of node.js and npm installed.
23 error If you do, this is most likely a problem with the twitter-js package,
23 error not with npm itself.
23 error Tell the author that this fails on your system:
23 error     mocha --watch test/**.js
23 error You can get information on how to open an issue for this project with:
23 error     npm bugs twitter-js
23 error Or if that isn't available, you can get their info via:
23 error     npm owner ls twitter-js
23 error There is likely additional logging output above.
24 verbose exit [ 1, true ]
