Arguments: 
  C:\Program Files\nodejs\node.exe C:\Program Files (x86)\Yarn\bin\yarn.js add express-session

PATH: 
  C:\Program Files\ConEmu\ConEmu\Scripts;C:\Program Files\ConEmu;C:\Program Files\ConEmu\ConEmu;C:\ProgramData\Oracle\Java\javapath;C:\Program Files (x86)\Intel\iCLS Client\;C:\Program Files\Intel\iCLS Client\;C:\WINDOWS\system32;C:\WINDOWS;C:\WINDOWS\System32\Wbem;C:\WINDOWS\System32\WindowsPowerShell\v1.0\;C:\WINDOWS\system32\config\systemprofile\.dnx\bin;C:\Program Files\Microsoft DNX\Dnvm\;C:\Program Files\Microsoft SQL Server\130\Tools\Binn\;C:\Python27;C:\Program Files (x86)\QuickTime\QTSystem\;C:\Program Files (x86)\GtkSharp\2.12\bin;C:\Program Files\MySQL\MySQL Utilities 1.6\;C:\Program Files\Microsoft SQL Server\120\Tools\Binn\;C:\Program Files\Git\cmd;C:\Program Files (x86)\Windows Kits\10\Windows Performance Toolkit\;C:\Program Files (x86)\Brackets\command;C:\Program Files (x86)\Microsoft Emulator Manager\1.0\;C:\android-ndk-r13b;"C:\Program Files\mingw-w64\x86_64-6.2.0-posix-seh-rt_v5-rev1\mingw64\bin";C:\Program Files\nodejs\;C:\Program Files (x86)\Yarn\bin;C:\Ruby23-x64\bin;C:\Users\Daniel\Desktop\Projects\Libraries\cocos2d-x-3.11.1\templates;C:\Users\Daniel\Desktop\Projects\Libraries\cocos2d-x-3.11.1\tools\cocos2d-console\bin;C:\Users\Daniel\Desktop\Projects\Libraries;C:\Program Files\Java\jdk1.8.0_77;C:\Users\Daniel\.sdkbox;C:\Users\Daniel\AppData\Local\Microsoft\WindowsApps;C:\Users\Daniel\AppData\Local\.meteor\;C:\Program Files\PostgreSQL\9.6\bin;C:\Program Files (x86)\Microsoft VS Code\bin;C:\android-sdk;C:\Program Files\Sublime Text 3;C:\Users\Daniel\AppData\Roaming\npm;C:\Program Files\Heroku\bin;C:\Users\Daniel\AppData\Roaming\npm\node_modules\mocha\bin;C:\Users\Daniel\AppData\Local\Yarn\.bin

Yarn version: 
  0.20.3

Node version: 
  6.9.4

Platform: 
  win32 x64

npm manifest: 
  {
    "name": "twitter-js",
    "version": "1.0.0",
    "description": "a cool tweet app",
    "main": "index.js",
    "scripts": {
      "start": "nodemon -e js server.js",
      "build-css": "node-sass -w assets/stylesheets/styles.scss -o public/stylesheets",
      "build-frontend": "webpack -w",
      "test": "mocha --watch test/**.js"
    },
    "repository": {
      "type": "git",
      "url": "git+https://github.com/dnllowe/fullstack-academy-twitter.git"
    },
    "author": "",
    "license": "ISC",
    "bugs": {
      "url": "https://github.com/dnllowe/fullstack-academy-twitter/issues"
    },
    "homepage": "https://github.com/dnllowe/fullstack-academy-twitter#readme",
    "dependencies": {
      "axios": "^0.15.3",
      "babel": "^6.5.2",
      "babel-core": "^6.22.1",
      "babel-loader": "^6.2.10",
      "babel-preset-es2015": "^6.22.0",
      "babel-preset-react": "^6.22.0",
      "bluebird": "^3.4.7",
      "body-parser": "^1.16.0",
      "bootstrap": "^3.3.7",
      "express": "^4.14.0",
      "express-sessions": "^1.0.6",
      "lodash": "^4.17.4",
      "node-sass": "^4.5.0",
      "pg": "^6.1.2",
      "pg-hstore": "^2.3.2",
      "react": "^15.4.2",
      "react-dom": "^15.4.2",
      "react-router": "^3.0.2",
      "redux": "^3.6.0",
      "redux-thunk": "^2.2.0",
      "sequelize": "^3.30.1",
      "serve-favicon": "^2.3.2",
      "webpack": "^2.2.1"
    },
    "devDependencies": {
      "chai": "^3.5.0",
      "mocha": "^3.2.0",
      "morgan": "^1.8.0",
      "nodemon": "^1.11.0"
    }
  }

yarn manifest: 
  No manifest

Lockfile: 
  No lockfile

Trace: 
  Error: EPERM: operation not permitted, unlink 'C:\Users\Daniel\Documents\GitHub\portfolio\twitter-clone\node_modules\node-sass\vendor\win32-x64-48\binding.node'
      at Error (native)
